#
# There is insufficient memory for the Java Runtime Environment to continue.
# Native memory allocation (malloc) failed to allocate 1048576 bytes for AllocateHeap
# Possible reasons:
#   The system is out of physical RAM or swap space
#   In 32 bit mode, the process size limit was hit
# Possible solutions:
#   Reduce memory load on the system
#   Increase physical memory or swap space
#   Check if swap backing store is full
#   Use 64 bit Java on a 64 bit OS
#   Decrease Java heap size (-Xmx/-Xms)
#   Decrease number of Java threads
#   Decrease Java thread stack sizes (-Xss)
#   Set larger code cache with -XX:ReservedCodeCacheSize=
# This output file may be truncated or incomplete.
#
#  Out of Memory Error (memory/allocation.inline.hpp:61), pid=5788, tid=0x0000000000002ab8
#
# JRE version:  (8.0_151-b12) (build )
# Java VM: Java HotSpot(TM) 64-Bit Server VM (25.151-b12 mixed mode windows-amd64 compressed oops)
# Failed to write core dump. Minidumps are not enabled by default on client versions of Windows
#

---------------  T H R E A D  ---------------

Current thread (0x0000000002d31000):  JavaThread "Unknown thread" [_thread_in_vm, id=10936, stack(0x0000000002b70000,0x0000000002c70000)]

Stack: [0x0000000002b70000,0x0000000002c70000]
[error occurred during error reporting (printing stack bounds), id 0xc0000005]

Native frames: (J=compiled Java code, j=interpreted, Vv=VM code, C=native code)


---------------  P R O C E S S  ---------------

Java Threads: ( => current thread )

Other Threads:

=>0x0000000002d31000 (exited) JavaThread "Unknown thread" [_thread_in_vm, id=10936, stack(0x0000000002b70000,0x0000000002c70000)]

VM state:not at safepoint (normal execution)

VM Mutex/Monitor currently owned by a thread: None

Heap:
 PSYoungGen      total 36864K, used 634K [0x00000000f5580000, 0x00000000f7e80000, 0x0000000100000000)
  eden space 31744K, 2% used [0x00000000f5580000,0x00000000f561eb90,0x00000000f7480000)
  from space 5120K, 0% used [0x00000000f7980000,0x00000000f7980000,0x00000000f7e80000)
  to   space 5120K, 0% used [0x00000000f7480000,0x00000000f7480000,0x00000000f7980000)
 ParOldGen       total 84992K, used 0K [0x00000000e0000000, 0x00000000e5300000, 0x00000000f5580000)
  object space 84992K, 0% used [0x00000000e0000000,0x00000000e0000000,0x00000000e5300000)
 Metaspace       used 783K, capacity 1092K, committed 1152K, reserved 1060864K
  class space    used 75K, capacity 384K, committed 384K, reserved 1048576K

Card table byte_map: [0x00000000121f0000,0x0000000012300000] byte_map_base: 0x0000000011af0000

Marking Bits: (ParMarkBitMap*) 0x000000007563d850
 Begin Bits: [0x0000000012700000, 0x0000000012f00000)
 End Bits:   [0x0000000012f00000, 0x0000000013700000)

Polling page: 0x00000000010e0000

CodeCache: size=245760Kb used=328Kb max_used=328Kb free=245431Kb
 bounds [0x0000000002e30000, 0x00000000030a0000, 0x0000000011e30000]
 total_blobs=58 nmethods=0 adapters=38
 compilation: enabled

Compilation events (0 events):
No events

GC Heap History (0 events):
No events

Deoptimization events (0 events):
No events

Internal exceptions (0 events):
No events

Events (10 events):
Event: 0.084 loading class java/lang/Short
Event: 0.084 loading class java/lang/Short done
Event: 0.084 loading class java/lang/Integer
Event: 0.084 loading class java/lang/Integer done
Event: 0.084 loading class java/lang/Long
Event: 0.085 loading class java/lang/Long done
Event: 0.086 loading class java/lang/NullPointerException
Event: 0.086 loading class java/lang/NullPointerException done
Event: 0.086 loading class java/lang/ArithmeticException
Event: 0.087 loading class java/lang/ArithmeticException done


Dynamic libraries:
0x00007ff6c7ee0000 - 0x00007ff6c7f17000 	C:\Program Files\Java\jdk1.8.0_151\bin\java.exe
0x00007ffe4ef90000 - 0x00007ffe4f13d000 	C:\Windows\SYSTEM32\ntdll.dll
0x00007ffe4d670000 - 0x00007ffe4d7ae000 	C:\Windows\system32\KERNEL32.DLL
0x00007ffe4c440000 - 0x00007ffe4c556000 	C:\Windows\system32\KERNELBASE.dll
0x00007ffe4ac50000 - 0x00007ffe4acde000 	C:\Windows\system32\apphelp.dll
0x00007ffe3c380000 - 0x00007ffe3c3d4000 	C:\Windows\AppPatch\AppPatch64\AcGenral.DLL
0x00007ffe4d7b0000 - 0x00007ffe4d85a000 	C:\Windows\system32\msvcrt.dll
0x00007ffe4c180000 - 0x00007ffe4c1ae000 	C:\Windows\system32\SspiCli.dll
0x00007ffe4ef20000 - 0x00007ffe4ef74000 	C:\Windows\system32\SHLWAPI.dll
0x00007ffe4ca40000 - 0x00007ffe4cbb7000 	C:\Windows\system32\USER32.dll
0x00007ffe4cd80000 - 0x00007ffe4cf14000 	C:\Windows\system32\ole32.dll
0x00007ffe4d9f0000 - 0x00007ffe4ef1b000 	C:\Windows\system32\SHELL32.dll
0x00007ffe4b6f0000 - 0x00007ffe4b711000 	C:\Windows\SYSTEM32\USERENV.dll
0x00007ffe4c990000 - 0x00007ffe4ca3a000 	C:\Windows\system32\ADVAPI32.dll
0x00007ffe45630000 - 0x00007ffe4564e000 	C:\Windows\SYSTEM32\MPR.dll
0x00007ffe4c850000 - 0x00007ffe4c990000 	C:\Windows\system32\RPCRT4.dll
0x00007ffe4d070000 - 0x00007ffe4d0c9000 	C:\Windows\SYSTEM32\sechost.dll
0x00007ffe4d270000 - 0x00007ffe4d482000 	C:\Windows\SYSTEM32\combase.dll
0x00007ffe4cf20000 - 0x00007ffe4d06c000 	C:\Windows\system32\GDI32.dll
0x00007ffe4c0b0000 - 0x00007ffe4c0c5000 	C:\Windows\SYSTEM32\profapi.dll
0x00007ffe4ab90000 - 0x00007ffe4ac42000 	C:\Windows\SYSTEM32\SHCORE.dll
0x00007ffe4c770000 - 0x00007ffe4c7a6000 	C:\Windows\system32\IMM32.DLL
0x00007ffe4c610000 - 0x00007ffe4c761000 	C:\Windows\system32\MSCTF.dll
0x00007ffe49be0000 - 0x00007ffe49e5b000 	C:\Windows\WinSxS\amd64_microsoft.windows.common-controls_6595b64144ccf1df_6.0.9600.18006_none_623f33d3ecbe86e8\COMCTL32.dll
0x00000000756c0000 - 0x0000000075792000 	C:\Program Files\Java\jdk1.8.0_151\jre\bin\msvcr100.dll
0x0000000074e20000 - 0x00000000756bd000 	C:\Program Files\Java\jdk1.8.0_151\jre\bin\server\jvm.dll
0x00007ffe3ab40000 - 0x00007ffe3ab49000 	C:\Windows\SYSTEM32\WSOCK32.dll
0x00007ffe46850000 - 0x00007ffe46872000 	C:\Windows\SYSTEM32\WINMM.dll
0x00007ffe3dd10000 - 0x00007ffe3dd1a000 	C:\Windows\SYSTEM32\VERSION.dll
0x00007ffe4d0d0000 - 0x00007ffe4d0d7000 	C:\Windows\system32\PSAPI.DLL
0x00007ffe4d8d0000 - 0x00007ffe4d92a000 	C:\Windows\system32\WS2_32.dll
0x00007ffe46820000 - 0x00007ffe4684a000 	C:\Windows\SYSTEM32\WINMMBASE.dll
0x00007ffe4ef80000 - 0x00007ffe4ef89000 	C:\Windows\system32\NSI.dll
0x00007ffe4c1b0000 - 0x00007ffe4c1ff000 	C:\Windows\SYSTEM32\cfgmgr32.dll
0x00007ffe4aee0000 - 0x00007ffe4af08000 	C:\Windows\SYSTEM32\DEVOBJ.dll
0x0000000075d00000 - 0x0000000075d0f000 	C:\Program Files\Java\jdk1.8.0_151\jre\bin\verify.dll
0x0000000074df0000 - 0x0000000074e19000 	C:\Program Files\Java\jdk1.8.0_151\jre\bin\java.dll
0x00000000759c0000 - 0x00000000759d6000 	C:\Program Files\Java\jdk1.8.0_151\jre\bin\zip.dll

VM Arguments:
jvm_args: -Xmx512M -Dcom.android.sdkmanager.toolsdir=C:/Users/Natusya/AppData/Local/Android/Sdk\tools -Dfile.encoding=UTF8 
java_command: C:\Program Files\Unity\Hub\Editor\2018.2.10f1\Editor\Data\PlaybackEngines\AndroidPlayer/Tools\sdktools.jar -
java_class_path (initial): C:\Program Files\Unity\Hub\Editor\2018.2.10f1\Editor\Data\PlaybackEngines\AndroidPlayer/Tools\sdktools.jar
Launcher Type: SUN_STANDARD

Environment Variables:
JAVA_HOME=C:/Program Files/Java/jdk1.8.0_151
PATH=C:\ProgramData\Oracle\Java\javapath;C:\Windows\system32;C:\Windows;C:\Windows\System32\Wbem;C:\Windows\System32\WindowsPowerShell\v1.0\;C:\Program Files (x86)\GtkSharp\2.12\bin;C:\Program Files\Microsoft SQL Server\130\Tools\Binn\;C:\Program Files\Git\cmd;C:\Program Files\dotnet\;C:\Users\Natusya\AppData\Local\Programs\Python\Python35\Scripts\;C:\Users\Natusya\AppData\Local\Programs\Python\Python35\;C:\Users\Natusya\AppData\Local\atom\bin;C:\Program Files\Microsoft VS Code\bin
USERNAME=Natusya
OS=Windows_NT
PROCESSOR_IDENTIFIER=Intel64 Family 6 Model 69 Stepping 1, GenuineIntel



---------------  S Y S T E M  ---------------

OS: Windows 8.1 , 64 bit Build 9600 (6.3.9600.17415)

CPU:total 4 (initial active 4) (2 cores per cpu, 2 threads per core) family 6 model 69 stepping 1, cmov, cx8, fxsr, mmx, sse, sse2, sse3, ssse3, sse4.1, sse4.2, popcnt, avx, avx2, aes, clmul, erms, lzcnt, ht, tsc, tscinvbit, bmi1, bmi2

Memory: 4k page, physical 8067520k(957856k free), swap 11213248k(5540k free)

vm_info: Java HotSpot(TM) 64-Bit Server VM (25.151-b12) for windows-amd64 JRE (1.8.0_151-b12), built on Sep  5 2017 19:33:46 by "java_re" with MS VC++ 10.0 (VS2010)

time: Tue Nov 06 17:13:56 2018
elapsed time: 0 seconds (0d 0h 0m 0s)

